Arguments: 
  /home/leulseged/.nvm/versions/node/v19.0.0/bin/node /home/leulseged/.nvm/versions/node/v19.0.0/bin/yarn init

PATH: 
  /home/leulseged/.nvm/versions/node/v19.0.0/bin:/home/leulseged/.cargo/bin:/usr/local/sbin:/usr/local/bin:/usr/sbin:/usr/bin:/sbin:/bin:/usr/games:/usr/local/games:/snap/bin:/snap/bin:/media/leulseged/38da1141-7711-4a40-80c2-e9ece982f06e/System/Android/Sdk/tools:/media/leulseged/38da1141-7711-4a40-80c2-e9ece982f06e/System/Android/Sdk/platform-tools:/usr/lib/jvm/java-11-openjdk-amd64:/media/leulseged/38da1141-7711-4a40-80c2-e9ece982f06e/System/Android/Sdk/tools:/media/leulseged/38da1141-7711-4a40-80c2-e9ece982f06e/System/Android/Sdk/platform-tools:/usr/lib/jvm/java-11-openjdk-amd64

Yarn version: 
  1.22.19

Node version: 
  19.0.0

Platform: 
  linux x64

Trace: 
  Error: canceled
      at Interface.<anonymous> (/home/leulseged/.nvm/versions/node/v19.0.0/lib/node_modules/yarn/lib/cli.js:137150:13)
      at Interface.emit (node:events:513:28)
      at [_ttyWrite] [as _ttyWrite] (node:internal/readline/interface:1125:18)
      at ReadStream.onkeypress (node:internal/readline/interface:274:20)
      at ReadStream.emit (node:events:513:28)
      at emitKeys (node:internal/readline/utils:357:14)
      at emitKeys.next (<anonymous>)
      at ReadStream.onData (node:internal/readline/emitKeypressEvents:64:36)
      at ReadStream.emit (node:events:513:28)
      at addChunk (node:internal/streams/readable:324:12)

npm manifest: 
  No manifest

yarn manifest: 
  No manifest

Lockfile: 
  No lockfile
